justin_remote/build/outputs/apk/manifest-merger-debug-report.txt
-- Merging decision tree log ---
manifest
ADDED from AndroidManifest.xml:1:1
	xmlns:android
		ADDED from AndroidManifest.xml:1:11
	package
		ADDED from AndroidManifest.xml:2:7
		INJECTED from AndroidManifest.xml:0:0
		INJECTED from AndroidManifest.xml:0:0
	android:versionName
		ADDED from AndroidManifest.xml:3:31
	android:versionCode
		ADDED from AndroidManifest.xml:3:7
		INJECTED from AndroidManifest.xml:0:0
		INJECTED from AndroidManifest.xml:0:0
uses-sdk
ADDED from AndroidManifest.xml:5:4
MERGED from com.android.support:support-v4:21.0.3:15:5
	android:targetSdkVersion
		ADDED from AndroidManifest.xml:5:40
		INJECTED from AndroidManifest.xml:0:0
		INJECTED from AndroidManifest.xml:0:0
	android:minSdkVersion
		ADDED from AndroidManifest.xml:5:14
		INJECTED from AndroidManifest.xml:0:0
		INJECTED from AndroidManifest.xml:0:0
uses-permission#android.permission.INTERNET
ADDED from AndroidManifest.xml:6:4
	android:name
		ADDED from AndroidManifest.xml:6:21
uses-permission#android.permission.ACCESS_NETWORK_STATE
ADDED from AndroidManifest.xml:7:4
	android:name
		ADDED from AndroidManifest.xml:7:21
application
ADDED from AndroidManifest.xml:9:4
MERGED from com.android.support:support-v4:21.0.3:16:5
	android:label
		ADDED from AndroidManifest.xml:11:10
	android:icon
		ADDED from AndroidManifest.xml:10:7
	android:theme
		ADDED from AndroidManifest.xml:12:10
	android:name
		ADDED from AndroidManifest.xml:9:17
activity#org.tayloredapps.remoteclient.Touch
ADDED from AndroidManifest.xml:14:7
	android:screenOrientation
		ADDED from AndroidManifest.xml:15:46
	android:label
		ADDED from AndroidManifest.xml:15:13
	android:name
		ADDED from AndroidManifest.xml:14:17
intent-filter#android.intent.action.MAIN+android.intent.category.LAUNCHER
ADDED from AndroidManifest.xml:16:10
action#android.intent.action.MAIN
ADDED from AndroidManifest.xml:17:13
	android:name
		ADDED from AndroidManifest.xml:17:21
category#android.intent.category.LAUNCHER
ADDED from AndroidManifest.xml:18:13
	android:name
		ADDED from AndroidManifest.xml:18:23
activity#org.tayloredapps.remoteclient.Controller
ADDED from AndroidManifest.xml:22:7
	android:configChanges
		ADDED from AndroidManifest.xml:23:11
	android:name
		ADDED from AndroidManifest.xml:22:17